mode: set
crdt-go/crdt/lww.go:30.37,33.22 1 1
crdt-go/crdt/lww.go:37.2,41.3 1 1
crdt-go/crdt/lww.go:33.22,35.3 1 1
crdt-go/crdt/lww.go:45.60,49.34 2 1
crdt-go/crdt/lww.go:63.2,63.16 1 1
crdt-go/crdt/lww.go:49.34,58.56 3 1
crdt-go/crdt/lww.go:58.56,60.4 1 1
crdt-go/crdt/lww.go:67.59,70.34 2 1
crdt-go/crdt/lww.go:74.2,74.16 1 1
crdt-go/crdt/lww.go:70.34,73.3 2 1
crdt-go/crdt/lww.go:78.62,81.40 2 1
crdt-go/crdt/lww.go:85.2,85.16 1 1
crdt-go/crdt/lww.go:81.40,84.3 2 1
crdt-go/crdt/lww.go:89.38,91.2 1 1
crdt-go/crdt/lww.go:95.44,98.2 1 1
crdt-go/crdt/lww.go:102.47,105.2 1 1
crdt-go/crdt/lww.go:109.51,114.12 2 1
crdt-go/crdt/lww.go:118.2,121.15 2 1
crdt-go/crdt/lww.go:128.2,128.31 1 1
crdt-go/crdt/lww.go:114.12,116.3 1 1
crdt-go/crdt/lww.go:121.15,123.3 1 1
crdt-go/crdt/lww.go:128.31,130.28 1 1
crdt-go/crdt/lww.go:130.28,133.4 1 1
crdt-go/crdt/lww.go:133.9,136.4 1 1
crdt-go/crdt/lww.go:137.9,138.32 1 1
crdt-go/crdt/lww.go:138.32,141.4 1 1
crdt-go/crdt/lww.go:141.9,144.4 1 1
crdt-go/crdt/lww.go:153.66,155.43 1 1
crdt-go/crdt/lww.go:160.2,161.46 1 1
crdt-go/crdt/lww.go:166.2,166.34 1 1
crdt-go/crdt/lww.go:176.2,176.40 1 1
crdt-go/crdt/lww.go:186.2,186.13 1 1
crdt-go/crdt/lww.go:155.43,157.3 1 1
crdt-go/crdt/lww.go:161.46,163.3 1 1
crdt-go/crdt/lww.go:166.34,170.45 3 1
crdt-go/crdt/lww.go:170.45,172.4 1 1
crdt-go/crdt/lww.go:176.40,180.51 3 1
crdt-go/crdt/lww.go:180.51,182.4 1 1
crdt-go/crdt/lww.go:192.73,194.43 1 1
crdt-go/crdt/lww.go:198.2,202.42 3 1
crdt-go/crdt/lww.go:207.2,207.34 1 1
crdt-go/crdt/lww.go:217.2,217.13 1 1
crdt-go/crdt/lww.go:194.43,196.3 1 1
crdt-go/crdt/lww.go:202.42,204.3 1 1
crdt-go/crdt/lww.go:207.34,211.16 2 1
crdt-go/crdt/lww.go:211.16,213.4 1 1
crdt-go/crdt/lww.go:222.48,232.2 3 1
crdt-go/crdt/lww.go:235.45,237.34 1 1
crdt-go/crdt/lww.go:246.2,246.40 1 1
crdt-go/crdt/lww.go:237.34,241.44 3 1
crdt-go/crdt/lww.go:241.44,243.4 1 1
crdt-go/crdt/lww.go:246.40,250.52 3 1
crdt-go/crdt/lww.go:250.52,252.4 1 1
